<?xml version="1.0" encoding="UTF-8"?>
<!-- Generated by org.testng.reporters.JUnitReportReporter -->
<testsuite hostname="LTIN517088" failures="0" tests="1" name="TestPages.UPSCRegistrationTest" time="30.996" errors="0" timestamp="2024-04-23T15:25:54 IST" skipped="0">
  <testcase classname="TestPages.UPSCRegistrationTest" name="register" time="30.996"/>
</testsuite> <!-- TestPages.UPSCRegistrationTest -->
